

Microchip Technology PIC18 LITE Macro Assembler V1.45 build -152302408 
                                                                                               Fri Feb 16 17:14:00 2018

Microchip Technology Omniscient Code Generator v1.45 (Free mode) build 201711160504
     1                           	processor	18F4620
     2                           	fnconf	rparam,??,?,0
     3                           	opt	pw 120
     4                           	opt	lm
     5                           	psect	idataCOMRAM,global,class=CODE,delta=1,noexec
     6                           	psect	idataBANK0,global,class=CODE,delta=1,noexec
     7                           	psect	mediumconst,global,reloc=2,class=MEDIUMCONST,delta=1,noexec
     8                           	psect	cinit,global,reloc=2,class=CODE,delta=1
     9                           	psect	bssCOMRAM,global,class=COMRAM,space=1,delta=1,noexec
    10                           	psect	dataCOMRAM,global,class=COMRAM,space=1,delta=1,noexec
    11                           	psect	dataBANK0,global,class=BANK0,space=1,delta=1,lowdata,noexec
    12                           	psect	cstackCOMRAM,global,class=COMRAM,space=1,delta=1,noexec
    13                           	psect	text0,global,reloc=2,class=CODE,delta=1
    14                           	psect	intcode,global,reloc=2,class=CODE,delta=1
    15                           	psect	intcode_body,global,reloc=2,class=CODE,delta=1
    16                           	psect	intsave_regs,global,class=BIGRAM,space=1,delta=1,noexec
    17                           	psect	rparam,global,class=COMRAM,space=1,delta=1,noexec
    18                           	psect	temp,global,ovrld,common,class=COMRAM,space=1,delta=1
    19  0000                     
    20                           ; Version 1.45
    21                           ; Generated 16/11/2017 GMT
    22                           ; 
    23                           ; Copyright © 2017, Microchip Technology Inc. and its subsidiaries ("Microchip")
    24                           ; All rights reserved.
    25                           ; 
    26                           ; This software is developed by Microchip Technology Inc. and its subsidiaries ("Microch
      +                          ip").
    27                           ; 
    28                           ; Redistribution and use in source and binary forms, with or without modification, are
    29                           ; permitted provided that the following conditions are met:
    30                           ; 
    31                           ;     1. Redistributions of source code must retain the above copyright notice, this lis
      +                          t of
    32                           ;        conditions and the following disclaimer.
    33                           ; 
    34                           ;     2. Redistributions in binary form must reproduce the above copyright notice, this 
      +                          list
    35                           ;        of conditions and the following disclaimer in the documentation and/or other
    36                           ;        materials provided with the distribution.
    37                           ; 
    38                           ;     3. Microchip's name may not be used to endorse or promote products derived from th
      +                          is
    39                           ;        software without specific prior written permission.
    40                           ; 
    41                           ; THIS SOFTWARE IS PROVIDED BY MICROCHIP "AS IS" AND ANY EXPRESS OR IMPLIED WARRANTIES,
    42                           ; INCLUDING, BUT NOT LIMITED TO, THE IMPLIED WARRANTIES OF MERCHANTABILITY AND FITNESS F
      +                          OR
    43                           ; PURPOSE ARE DISCLAIMED.  IN NO EVENT SHALL MICROCHIP BE LIABLE FOR ANY DIRECT, INDIREC
      +                          T,
    44                           ; INCIDENTAL, SPECIAL, EXEMPLARY, OR CONSEQUENTIAL DAMAGES (INCLUDING BUT NOT LIMITED TO
    45                           ; PROCUREMENT OF SUBSTITUTE GOODS OR SERVICES; LOSS OF USE, DATA OR PROFITS; OR BUSINESS
    46                           ; INTERRUPTION) HOWSOEVER CAUSED AND ON ANY THEORY OF LIABILITY, WHETHER IN CONTRACT, ST
      +                          RICT
    47                           ; LIABILITY, OR TORT (INCLUDING NEGLIGENCE OR OTHERWISE) ARISING IN ANY WAY OUT OF THE U
      +                          SE OF
    48                           ; THIS SOFTWARE, EVEN IF ADVISED OF THE POSSIBILITY OF SUCH DAMAGE.
    49                           ; 
    50                           ; 
    51                           ; Code-generator required, PIC18F4620 Definitions
    52                           ; 
    53                           ; SFR Addresses
    54  0000                     
    55                           	psect	idataCOMRAM
    56  000208                     __pidataCOMRAM:
    57                           	opt stack 0
    58                           
    59                           ;initializer for showLogs@F3187
    60  000208  30                 	db	48
    61  000209  30                 	db	48
    62  00020A  30                 	db	48
    63  00020B  30                 	db	48
    64  00020C  30                 	db	48
    65  00020D  30                 	db	48
    66                           
    67                           ;initializer for main@F3121
    68  00020E  30                 	db	48
    69  00020F  30                 	db	48
    70  000210  30                 	db	48
    71  000211  30                 	db	48
    72  000212  30                 	db	48
    73  000213  30                 	db	48
    74                           
    75                           	psect	idataBANK0
    76  00014A                     __pidataBANK0:
    77                           	opt stack 0
    78                           
    79                           ;initializer for checkValid@F3153
    80  00014A  42                 	db	66
    81  00014B  30                 	db	48
    82  00014C  30                 	db	48
    83  00014D  30                 	db	48
    84  00014E  00                 	db	0
    85  00014F  4E                 	db	78
    86  000150  30                 	db	48
    87  000151  30                 	db	48
    88  000152  30                 	db	48
    89  000153  00                 	db	0
    90  000154  53                 	db	83
    91  000155  30                 	db	48
    92  000156  30                 	db	48
    93  000157  30                 	db	48
    94  000158  00                 	db	0
    95  000159  57                 	db	87
    96  00015A  30                 	db	48
    97  00015B  30                 	db	48
    98  00015C  30                 	db	48
    99  00015D  00                 	db	0
   100  00015E  42                 	db	66
   101  00015F  4E                 	db	78
   102  000160  30                 	db	48
   103  000161  30                 	db	48
   104  000162  00                 	db	0
   105  000163  42                 	db	66
   106  000164  53                 	db	83
   107  000165  30                 	db	48
   108  000166  30                 	db	48
   109  000167  00                 	db	0
   110  000168  42                 	db	66
   111  000169  57                 	db	87
   112  00016A  30                 	db	48
   113  00016B  30                 	db	48
   114  00016C  00                 	db	0
   115  00016D  42                 	db	66
   116  00016E  42                 	db	66
   117  00016F  4E                 	db	78
   118  000170  30                 	db	48
   119  000171  00                 	db	0
   120  000172  42                 	db	66
   121  000173  42                 	db	66
   122  000174  53                 	db	83
   123  000175  30                 	db	48
   124  000176  00                 	db	0
   125  000177  42                 	db	66
   126  000178  42                 	db	66
   127  000179  57                 	db	87
   128  00017A  30                 	db	48
   129  00017B  00                 	db	0
   130  00017C  42                 	db	66
   131  00017D  4E                 	db	78
   132  00017E  57                 	db	87
   133  00017F  30                 	db	48
   134  000180  00                 	db	0
   135  000181  42                 	db	66
   136  000182  53                 	db	83
   137  000183  57                 	db	87
   138  000184  30                 	db	48
   139  000185  00                 	db	0
   140  000186  42                 	db	66
   141  000187  57                 	db	87
   142  000188  57                 	db	87
   143  000189  30                 	db	48
   144  00018A  00                 	db	0
   145  00018B  42                 	db	66
   146  00018C  4E                 	db	78
   147  00018D  57                 	db	87
   148  00018E  57                 	db	87
   149  00018F  00                 	db	0
   150  000190  42                 	db	66
   151  000191  53                 	db	83
   152  000192  57                 	db	87
   153  000193  57                 	db	87
   154  000194  00                 	db	0
   155  000195  42                 	db	66
   156  000196  42                 	db	66
   157  000197  53                 	db	83
   158  000198  57                 	db	87
   159  000199  00                 	db	0
   160  00019A  42                 	db	66
   161  00019B  42                 	db	66
   162  00019C  4E                 	db	78
   163  00019D  57                 	db	87
   164  00019E  00                 	db	0
   165  00019F  42                 	db	66
   166  0001A0  4E                 	db	78
   167  0001A1  4E                 	db	78
   168  0001A2  57                 	db	87
   169  0001A3  00                 	db	0
   170  0001A4  42                 	db	66
   171  0001A5  4E                 	db	78
   172  0001A6  4E                 	db	78
   173  0001A7  4E                 	db	78
   174  0001A8  00                 	db	0
   175  0001A9  42                 	db	66
   176  0001AA  57                 	db	87
   177  0001AB  57                 	db	87
   178  0001AC  57                 	db	87
   179  0001AD  00                 	db	0
   180                           
   181                           	psect	mediumconst
   182  00FEBA                     __pmediumconst:
   183                           	opt stack 0
   184  00FEBA  00                 	db	0
   185  00FEBB                     _keys:
   186                           	opt stack 0
   187  00FEBB  31                 	db	49
   188  00FEBC  32                 	db	50
   189  00FEBD  33                 	db	51
   190  00FEBE  41                 	db	65
   191  00FEBF  34                 	db	52
   192  00FEC0  35                 	db	53
   193  00FEC1  36                 	db	54
   194  00FEC2  42                 	db	66
   195  00FEC3  37                 	db	55
   196  00FEC4  38                 	db	56
   197  00FEC5  39                 	db	57
   198  00FEC6  43                 	db	67
   199  00FEC7  2A                 	db	42
   200  00FEC8  30                 	db	48
   201  00FEC9  23                 	db	35
   202  00FECA  44                 	db	68
   203  00FECB  00                 	db	0
   204  00FECC                     __end_of_keys:
   205                           	opt stack 0
   206  00FECC  0001               	dw	1
   207  00FECE  000A               	dw	10
   208  00FED0  0064               	dw	100
   209  00FED2  03E8               	dw	1000
   210  00FED4  2710               	dw	10000
   211  00FED6                     __end_of_dpowers:
   212                           	opt stack 0
   213  00FED6  0001               	dw	1
   214  00FED8  0010               	dw	16
   215  00FEDA  0100               	dw	256
   216  00FEDC  1000               	dw	4096
   217  00FEDE                     __end_of_hexpowers:
   218                           	opt stack 0
   219  00FEDE                     checkValid@F3160:
   220                           	opt stack 0
   221  00FEDE  0002               	dw	2
   222  00FEE0  0003               	dw	3
   223  00FEE2  0002               	dw	2
   224  00FEE4  0004               	dw	4
   225  00FEE6                     __end_ofcheckValid@F3160:
   226                           	opt stack 0
   227  00FEE6                     _firstTimeSet:
   228                           	opt stack 0
   229  00FEE6  00                 	db	0
   230  00FEE7  53                 	db	83
   231  00FEE8  15                 	db	21
   232  00FEE9  01                 	db	1
   233  00FEEA  05                 	db	5
   234  00FEEB  02                 	db	2
   235  00FEEC  18                 	db	24
   236  00FEED                     __end_of_firstTimeSet:
   237                           	opt stack 0
   238  00FEED                     _setKeys:
   239                           	opt stack 0
   240  00FEED  42                 	db	66
   241  00FEEE  4E                 	db	78
   242  00FEEF  53                 	db	83
   243  00FEF0  57                 	db	87
   244  00FEF1  00                 	db	0
   245  00FEF2                     __end_of_setKeys:
   246                           	opt stack 0
   247  00FEF2                     _LCD_LEFT:
   248                           	opt stack 0
   249  00FEF2  00                 	db	0
   250  00FEF3                     __end_of_LCD_LEFT:
   251                           	opt stack 0
   252  00FEF3                     _LCD_RIGHT:
   253                           	opt stack 0
   254  00FEF3  01                 	db	1
   255  00FEF4                     __end_of_LCD_RIGHT:
   256                           	opt stack 0
   257  00FEF4                     _LCD_SIZE_VERT:
   258                           	opt stack 0
   259  00FEF4  02                 	db	2
   260  00FEF5                     __end_of_LCD_SIZE_VERT:
   261                           	opt stack 0
   262  00FEF5                     _LCD_SIZE_HORZ:
   263                           	opt stack 0
   264  00FEF5  10                 	db	16
   265  00FEF6                     __end_of_LCD_SIZE_HORZ:
   266                           	opt stack 0
   267  00FEF6                     _LCD_VERT_LIMIT:
   268                           	opt stack 0
   269  00FEF6  02                 	db	2
   270  00FEF7                     __end_of_LCD_VERT_LIMIT:
   271                           	opt stack 0
   272  00FEF7                     _LCD_HORZ_LIMIT:
   273                           	opt stack 0
   274  00FEF7  28                 	db	40
   275  00FEF8                     __end_of_LCD_HORZ_LIMIT:
   276                           	opt stack 0
   277  0000                     _SSPBUF	set	4041
   278  0000                     _SSPCON2bits	set	4037
   279  0000                     _SSPADD	set	4040
   280  0000                     _SSPCON2	set	4037
   281  0000                     _SSPCON1	set	4038
   282  0000                     _SSPSTAT	set	4039
   283  0000                     _TRISCbits	set	3988
   284  0000                     _SSPCON1bits	set	4038
   285  0000                     _PORTB	set	3969
   286  0000                     _PORTBbits	set	3969
   287  0000                     _LATDbits	set	3980
   288  0000                     _LATAbits	set	3977
   289  0000                     _INTCONbits	set	4082
   290  0000                     _INTCON3bits	set	4080
   291  0000                     _ADCON1	set	4033
   292  0000                     _ADCON0	set	4034
   293  0000                     _TRISE	set	3990
   294  0000                     _TRISD	set	3989
   295  0000                     _TRISC	set	3988
   296  0000                     _TRISB	set	3987
   297  0000                     _TRISA	set	3986
   298  0000                     _LATE	set	3981
   299  0000                     _LATD	set	3980
   300  0000                     _LATC	set	3979
   301  0000                     _LATB	set	3978
   302  0000                     _LATA	set	3977
   303  0000                     _INT1IF	set	32640
   304  0000                     _INT1IE	set	32643
   305  00FEF8  25                 	db	37
   306  00FEF9  30                 	db	48	;'0'
   307  00FEFA  32                 	db	50	;'2'
   308  00FEFB  78                 	db	120	;'x'
   309  00FEFC  2F                 	db	47
   310  00FEFD  25                 	db	37
   311  00FEFE  30                 	db	48	;'0'
   312  00FEFF  32                 	db	50	;'2'
   313  00FF00  78                 	db	120	;'x'
   314  00FF01  2F                 	db	47
   315  00FF02  32                 	db	50	;'2'
   316  00FF03  30                 	db	48	;'0'
   317  00FF04  25                 	db	37
   318  00FF05  30                 	db	48	;'0'
   319  00FF06  32                 	db	50	;'2'
   320  00FF07  78                 	db	120	;'x'
   321  00FF08  20                 	db	32
   322  00FF09  25                 	db	37
   323  00FF0A  30                 	db	48	;'0'
   324  00FF0B  32                 	db	50	;'2'
   325  00FF0C  78                 	db	120	;'x'
   326  00FF0D  3A                 	db	58	;':'
   327  00FF0E  25                 	db	37
   328  00FF0F  30                 	db	48	;'0'
   329  00FF10  32                 	db	50	;'2'
   330  00FF11  78                 	db	120	;'x'
   331  00FF12  00                 	db	0
   332  00FF13  30                 	db	48	;'0'
   333  00FF14  31                 	db	49	;'1'
   334  00FF15  32                 	db	50	;'2'
   335  00FF16  33                 	db	51	;'3'
   336  00FF17  34                 	db	52	;'4'
   337  00FF18  35                 	db	53	;'5'
   338  00FF19  36                 	db	54	;'6'
   339  00FF1A  37                 	db	55	;'7'
   340  00FF1B  38                 	db	56	;'8'
   341  00FF1C  39                 	db	57	;'9'
   342  00FF1D  61                 	db	97	;'a'
   343  00FF1E  62                 	db	98	;'b'
   344  00FF1F  63                 	db	99	;'c'
   345  00FF20  64                 	db	100	;'d'
   346  00FF21  65                 	db	101	;'e'
   347  00FF22  66                 	db	102	;'f'
   348  00FF23  00                 	db	0
   349  00FF24  53                 	db	83	;'S'
   350  00FF25  45                 	db	69	;'E'
   351  00FF26  54                 	db	84	;'T'
   352  00FF27  3F                 	db	63	;'?'
   353  00FF28  20                 	db	32
   354  00FF29  31                 	db	49	;'1'
   355  00FF2A  32                 	db	50	;'2'
   356  00FF2B  33                 	db	51	;'3'
   357  00FF2C  34                 	db	52	;'4'
   358  00FF2D  3D                 	db	61	;'='
   359  00FF2E  7B                 	db	123
   360  00FF2F  42                 	db	66	;'B'
   361  00FF30  4E                 	db	78	;'N'
   362  00FF31  53                 	db	83	;'S'
   363  00FF32  57                 	db	87	;'W'
   364  00FF33  7D                 	db	125
   365  00FF34  00                 	db	0
   366  00FF35                     STR_14:
   367  00FF35  54                 	db	84	;'T'
   368  00FF36  49                 	db	73	;'I'
   369  00FF37  4D                 	db	77	;'M'
   370  00FF38  45                 	db	69	;'E'
   371  00FF39  3A                 	db	58	;':'
   372  00FF3A  25                 	db	37
   373  00FF3B  64                 	db	100	;'d'
   374  00FF3C  53                 	db	83	;'S'
   375  00FF3D  2E                 	db	46
   376  00FF3E  20                 	db	32
   377  00FF3F  48                 	db	72	;'H'
   378  00FF40  49                 	db	73	;'I'
   379  00FF41  54                 	db	84	;'T'
   380  00FF42  20                 	db	32
   381  00FF43  41                 	db	65	;'A'
   382  00FF44  00                 	db	0
   383  00FF45  43                 	db	67	;'C'
   384  00FF46  4F                 	db	79	;'O'
   385  00FF47  4E                 	db	78	;'N'
   386  00FF48  54                 	db	84	;'T'
   387  00FF49  49                 	db	73	;'I'
   388  00FF4A  4E                 	db	78	;'N'
   389  00FF4B  55                 	db	85	;'U'
   390  00FF4C  45                 	db	69	;'E'
   391  00FF4D  3F                 	db	63	;'?'
   392  00FF4E  20                 	db	32
   393  00FF4F  48                 	db	72	;'H'
   394  00FF50  49                 	db	73	;'I'
   395  00FF51  54                 	db	84	;'T'
   396  00FF52  20                 	db	32
   397  00FF53  41                 	db	65	;'A'
   398  00FF54  00                 	db	0
   399  00FF55  4F                 	db	79	;'O'
   400  00FF56  4C                 	db	76	;'L'
   401  00FF57  44                 	db	68	;'D'
   402  00FF58  45                 	db	69	;'E'
   403  00FF59  53                 	db	83	;'S'
   404  00FF5A  54                 	db	84	;'T'
   405  00FF5B  3A                 	db	58	;':'
   406  00FF5C  20                 	db	32
   407  00FF5D  41                 	db	65	;'A'
   408  00FF5E  2C                 	db	44
   409  00FF5F  42                 	db	66	;'B'
   410  00FF60  2C                 	db	44
   411  00FF61  43                 	db	67	;'C'
   412  00FF62  2C                 	db	44
   413  00FF63  44                 	db	68	;'D'
   414  00FF64  00                 	db	0
   415  00FF65  42                 	db	66	;'B'
   416  00FF66  2D                 	db	45
   417  00FF67  4C                 	db	76	;'L'
   418  00FF68  4F                 	db	79	;'O'
   419  00FF69  47                 	db	71	;'G'
   420  00FF6A  2C                 	db	44
   421  00FF6B  4F                 	db	79	;'O'
   422  00FF6C  52                 	db	82	;'R'
   423  00FF6D  20                 	db	32
   424  00FF6E  43                 	db	67	;'C'
   425  00FF6F  2D                 	db	45
   426  00FF70  42                 	db	66	;'B'
   427  00FF71  41                 	db	65	;'A'
   428  00FF72  43                 	db	67	;'C'
   429  00FF73  4B                 	db	75	;'K'
   430  00FF74  00                 	db	0
   431  00FF75  49                 	db	73	;'I'
   432  00FF76  4E                 	db	78	;'N'
   433  00FF77  56                 	db	86	;'V'
   434  00FF78  41                 	db	65	;'A'
   435  00FF79  4C                 	db	76	;'L'
   436  00FF7A  49                 	db	73	;'I'
   437  00FF7B  44                 	db	68	;'D'
   438  00FF7C  20                 	db	32
   439  00FF7D  49                 	db	73	;'I'
   440  00FF7E  4E                 	db	78	;'N'
   441  00FF7F  50                 	db	80	;'P'
   442  00FF80  55                 	db	85	;'U'
   443  00FF81  54                 	db	84	;'T'
   444  00FF82  21                 	db	33
   445  00FF83  00                 	db	0
   446  00FF84  4C                 	db	76	;'L'
   447  00FF85  45                 	db	69	;'E'
   448  00FF86  46                 	db	70	;'F'
   449  00FF87  54                 	db	84	;'T'
   450  00FF88  3A                 	db	58	;':'
   451  00FF89  20                 	db	32
   452  00FF8A  25                 	db	37
   453  00FF8B  64                 	db	100	;'d'
   454  00FF8C  42                 	db	66	;'B'
   455  00FF8D  2C                 	db	44
   456  00FF8E  25                 	db	37
   457  00FF8F  64                 	db	100	;'d'
   458  00FF90  4E                 	db	78	;'N'
   459  00FF91  2C                 	db	44
   460  00FF92  00                 	db	0
   461  00FF93  4E                 	db	78	;'N'
   462  00FF94  55                 	db	85	;'U'
   463  00FF95  4D                 	db	77	;'M'
   464  00FF96  20                 	db	32
   465  00FF97  53                 	db	83	;'S'
   466  00FF98  45                 	db	69	;'E'
   467  00FF99  54                 	db	84	;'T'
   468  00FF9A  53                 	db	83	;'S'
   469  00FF9B  2F                 	db	47
   470  00FF9C  53                 	db	83	;'S'
   471  00FF9D  54                 	db	84	;'T'
   472  00FF9E  45                 	db	69	;'E'
   473  00FF9F  50                 	db	80	;'P'
   474  00FFA0  3F                 	db	63	;'?'
   475  00FFA1  00                 	db	0
   476  00FFA2  25                 	db	37
   477  00FFA3  64                 	db	100	;'d'
   478  00FFA4  53                 	db	83	;'S'
   479  00FFA5  2C                 	db	44
   480  00FFA6  25                 	db	37
   481  00FFA7  64                 	db	100	;'d'
   482  00FFA8  57                 	db	87	;'W'
   483  00FFA9  2E                 	db	46
   484  00FFAA  20                 	db	32
   485  00FFAB  48                 	db	72	;'H'
   486  00FFAC  49                 	db	73	;'I'
   487  00FFAD  54                 	db	84	;'T'
   488  00FFAE  20                 	db	32
   489  00FFAF  41                 	db	65	;'A'
   490  00FFB0  00                 	db	0
   491  00FFB1  4C                 	db	76	;'L'
   492  00FFB2  4F                 	db	79	;'O'
   493  00FFB3  47                 	db	71	;'G'
   494  00FFB4  53                 	db	83	;'S'
   495  00FFB5  20                 	db	32
   496  00FFB6  4E                 	db	78	;'N'
   497  00FFB7  45                 	db	69	;'E'
   498  00FFB8  57                 	db	87	;'W'
   499  00FFB9  45                 	db	69	;'E'
   500  00FFBA  53                 	db	83	;'S'
   501  00FFBB  54                 	db	84	;'T'
   502  00FFBC  20                 	db	32
   503  00FFBD  54                 	db	84	;'T'
   504  00FFBE  4F                 	db	79	;'O'
   505  00FFBF  00                 	db	0
   506  00FFC0  48                 	db	72	;'H'
   507  00FFC1  49                 	db	73	;'I'
   508  00FFC2  54                 	db	84	;'T'
   509  00FFC3  20                 	db	32
   510  00FFC4  41                 	db	65	;'A'
   511  00FFC5  2D                 	db	45
   512  00FFC6  53                 	db	83	;'S'
   513  00FFC7  54                 	db	84	;'T'
   514  00FFC8  41                 	db	65	;'A'
   515  00FFC9  52                 	db	82	;'R'
   516  00FFCA  54                 	db	84	;'T'
   517  00FFCB  2C                 	db	44
   518  00FFCC  00                 	db	0
   519  00FFCD  4F                 	db	79	;'O'
   520  00FFCE  50                 	db	80	;'P'
   521  00FFCF  45                 	db	69	;'E'
   522  00FFD0  52                 	db	82	;'R'
   523  00FFD1  41                 	db	65	;'A'
   524  00FFD2  54                 	db	84	;'T'
   525  00FFD3  49                 	db	73	;'I'
   526  00FFD4  4E                 	db	78	;'N'
   527  00FFD5  47                 	db	71	;'G'
   528  00FFD6  2E                 	db	46
   529  00FFD7  2E                 	db	46
   530  00FFD8  2E                 	db	46
   531  00FFD9  00                 	db	0
   532  00FFDA  23                 	db	35
   533  00FFDB  2D                 	db	45
   534  00FFDC  43                 	db	67	;'C'
   535  00FFDD  4F                 	db	79	;'O'
   536  00FFDE  4E                 	db	78	;'N'
   537  00FFDF  46                 	db	70	;'F'
   538  00FFE0  49                 	db	73	;'I'
   539  00FFE1  52                 	db	82	;'R'
   540  00FFE2  4D                 	db	77	;'M'
   541  00FFE3  20                 	db	32
   542  00FFE4  00                 	db	0
   543  00FFE5  4E                 	db	78	;'N'
   544  00FFE6  55                 	db	85	;'U'
   545  00FFE7  4D                 	db	77	;'M'
   546  00FFE8  20                 	db	32
   547  00FFE9  53                 	db	83	;'S'
   548  00FFEA  54                 	db	84	;'T'
   549  00FFEB  45                 	db	69	;'E'
   550  00FFEC  50                 	db	80	;'P'
   551  00FFED  53                 	db	83	;'S'
   552  00FFEE  3F                 	db	63	;'?'
   553  00FFEF  00                 	db	0
   554  00FFF0  44                 	db	68	;'D'
   555  00FFF1  4F                 	db	79	;'O'
   556  00FFF2  4E                 	db	78	;'N'
   557  00FFF3  45                 	db	69	;'E'
   558  00FFF4  3A                 	db	58	;':'
   559  00FFF5  25                 	db	37
   560  00FFF6  63                 	db	99	;'c'
   561  00FFF7  5B                 	db	91	;'['
   562  00FFF8  00                 	db	0
   563  00FFF9  78                 	db	120	;'x'
   564  00FFFA  25                 	db	37
   565  00FFFB  63                 	db	99	;'c'
   566  00FFFC  5D                 	db	93	;']'
   567  00FFFD  00                 	db	0
   568  0000                     
   569                           ; #config settings
   570  00FFFE  00                 	db	0	; dummy byte at the end
   571  0000                     
   572                           	psect	cinit
   573  0001AE                     __pcinit:
   574                           	opt stack 0
   575  0001AE                     start_initialization:
   576                           	opt stack 0
   577  0001AE                     __initialization:
   578                           	opt stack 0
   579                           
   580                           ; Initialize objects allocated to BANK0 (100 bytes)
   581                           ; load TBLPTR registers with __pidataBANK0
   582  0001AE  0E4A               	movlw	low __pidataBANK0
   583  0001B0  6EF6               	movwf	tblptrl,c
   584  0001B2  0E01               	movlw	high __pidataBANK0
   585  0001B4  6EF7               	movwf	tblptrh,c
   586  0001B6  0E00               	movlw	low (__pidataBANK0 shr (0+16))
   587  0001B8  6EF8               	movwf	tblptru,c
   588  0001BA  EE00  F080         	lfsr	0,__pdataBANK0
   589  0001BE  EE10 F064          	lfsr	1,100
   590  0001C2                     copy_data0:
   591  0001C2  0009               	tblrd		*+
   592  0001C4  CFF5 FFEE          	movff	tablat,postinc0
   593  0001C8  50E5               	movf	postdec1,w,c
   594  0001CA  50E1               	movf	fsr1l,w,c
   595  0001CC  E1FA               	bnz	copy_data0
   596                           
   597                           ; Initialize objects allocated to COMRAM (12 bytes)
   598                           ; load TBLPTR registers with __pidataCOMRAM
   599  0001CE  0E08               	movlw	low __pidataCOMRAM
   600  0001D0  6EF6               	movwf	tblptrl,c
   601  0001D2  0E02               	movlw	high __pidataCOMRAM
   602  0001D4  6EF7               	movwf	tblptrh,c
   603  0001D6  0E00               	movlw	low (__pidataCOMRAM shr (0+16))
   604  0001D8  6EF8               	movwf	tblptru,c
   605  0001DA  EE00  F03F         	lfsr	0,__pdataCOMRAM
   606  0001DE  EE10 F00C          	lfsr	1,12
   607  0001E2                     copy_data1:
   608  0001E2  0009               	tblrd		*+
   609  0001E4  CFF5 FFEE          	movff	tablat,postinc0
   610  0001E8  50E5               	movf	postdec1,w,c
   611  0001EA  50E1               	movf	fsr1l,w,c
   612  0001EC  E1FA               	bnz	copy_data1
   613                           
   614                           ; Clear objects allocated to COMRAM (25 bytes)
   615  0001EE  EE00  F026         	lfsr	0,__pbssCOMRAM
   616  0001F2  0E19               	movlw	25
   617  0001F4                     clear_0:
   618  0001F4  6AEE               	clrf	postinc0,c
   619  0001F6  06E8               	decf	wreg,f,c
   620  0001F8  E1FD               	bnz	clear_0
   621  0001FA                     end_of_initialization:
   622                           	opt stack 0
   623  0001FA                     __end_of__initialization:
   624                           	opt stack 0
   625  0001FA  904B               	bcf	int$flags,0,c	;clear compiler interrupt flag (level 1)
   626  0001FC  924B               	bcf	int$flags,1,c	;clear compiler interrupt flag (level 2)
   627  0001FE  0E00               	movlw	low (__Lmediumconst shr (0+16))
   628  000200  6EF8               	movwf	tblptru,c
   629  000202  0100               	movlb	0
   630  000204  EF72  F000         	goto	_main	;jump to C main() function
   631                           tblptru	equ	0xFF8
   632                           tblptrh	equ	0xFF7
   633                           tblptrl	equ	0xFF6
   634                           tablat	equ	0xFF5
   635                           postinc0	equ	0xFEE
   636                           wreg	equ	0xFE8
   637                           postdec1	equ	0xFE5
   638                           fsr1l	equ	0xFE1
   639                           
   640                           	psect	bssCOMRAM
   641  000026                     __pbssCOMRAM:
   642                           	opt stack 0
   643  000026                     showLogs@F3189:
   644                           	opt stack 0
   645  000026                     	ds	8
   646  00002E                     checkValid@F3158:
   647                           	opt stack 0
   648  00002E                     	ds	8
   649  000036                     main@F3123:
   650                           	opt stack 0
   651  000036                     	ds	8
   652  00003E                     _LCDinterruptState:
   653                           	opt stack 0
   654  00003E                     	ds	1
   655                           tblptru	equ	0xFF8
   656                           tblptrh	equ	0xFF7
   657                           tblptrl	equ	0xFF6
   658                           tablat	equ	0xFF5
   659                           postinc0	equ	0xFEE
   660                           wreg	equ	0xFE8
   661                           postdec1	equ	0xFE5
   662                           fsr1l	equ	0xFE1
   663                           
   664                           	psect	dataCOMRAM
   665  00003F                     __pdataCOMRAM:
   666                           	opt stack 0
   667  00003F                     showLogs@F3187:
   668                           	opt stack 0
   669  00003F                     	ds	6
   670  000045                     main@F3121:
   671                           	opt stack 0
   672  000045                     	ds	6
   673                           tblptru	equ	0xFF8
   674                           tblptrh	equ	0xFF7
   675                           tblptrl	equ	0xFF6
   676                           tablat	equ	0xFF5
   677                           postinc0	equ	0xFEE
   678                           wreg	equ	0xFE8
   679                           postdec1	equ	0xFE5
   680                           fsr1l	equ	0xFE1
   681                           
   682                           	psect	dataBANK0
   683  000080                     __pdataBANK0:
   684                           	opt stack 0
   685  000080                     checkValid@F3153:
   686                           	opt stack 0
   687  000080                     	ds	100
   688                           tblptru	equ	0xFF8
   689                           tblptrh	equ	0xFF7
   690                           tblptrl	equ	0xFF6
   691                           tablat	equ	0xFF5
   692                           postinc0	equ	0xFEE
   693                           wreg	equ	0xFE8
   694                           postdec1	equ	0xFE5
   695                           fsr1l	equ	0xFE1
   696                           
   697                           	psect	cstackCOMRAM
   698  000001                     __pcstackCOMRAM:
   699                           	opt stack 0
   700  000001                     ??_interruptHandler:
   701                           
   702                           ; 1 bytes @ 0x0
   703  000001                     	ds	20
   704  000015                     main@numRemaining:
   705                           	opt stack 0
   706                           
   707                           ; 8 bytes @ 0x14
   708  000015                     	ds	8
   709  00001D                     main@inputs:
   710                           	opt stack 0
   711                           
   712                           ; 6 bytes @ 0x1C
   713  00001D                     	ds	6
   714  000023                     main@counter:
   715                           	opt stack 0
   716                           
   717                           ; 2 bytes @ 0x22
   718  000023                     	ds	2
   719  000025                     main@pressed:
   720                           	opt stack 0
   721                           
   722                           ; 1 bytes @ 0x24
   723  000025                     	ds	1
   724                           tblptru	equ	0xFF8
   725                           tblptrh	equ	0xFF7
   726                           tblptrl	equ	0xFF6
   727                           tablat	equ	0xFF5
   728                           postinc0	equ	0xFEE
   729                           wreg	equ	0xFE8
   730                           postdec1	equ	0xFE5
   731                           fsr1l	equ	0xFE1
   732                           
   733 ;;
   734 ;;Main: autosize = 0, tempsize = 0, incstack = 0, save=0
   735 ;;
   736 ;; *************** function _main *****************
   737 ;; Defined at:
   738 ;;		line 29 in file "main.c"
   739 ;; Parameters:    Size  Location     Type
   740 ;;		None
   741 ;; Auto vars:     Size  Location     Type
   742 ;;  numRemaining    8   20[COMRAM] unsigned short [4]
   743 ;;  timeEnd         7    0        unsigned char [7]
   744 ;;  timeStart       7    0        unsigned char [7]
   745 ;;  inputs          6   28[COMRAM] unsigned char [6]
   746 ;;  counter         2   34[COMRAM] int 
   747 ;;  operationTim    2    0        unsigned short 
   748 ;;  pressed         1   36[COMRAM] enum E3086
   749 ;; Return value:  Size  Location     Type
   750 ;;                  1    wreg      void 
   751 ;; Registers used:
   752 ;;		wreg, fsr1l, fsr1h, fsr2l, fsr2h, status,2, status,0
   753 ;; Tracked objects:
   754 ;;		On entry : 0/0
   755 ;;		On exit  : 0/0
   756 ;;		Unchanged: 0/0
   757 ;; Data sizes:     COMRAM   BANK0   BANK1   BANK2   BANK3   BANK4   BANK5   BANK6   BANK7   BANK8   BANK9  BANK10  BANK1
      +1  BANK12  BANK13  BANK14  BANK15
   758 ;;      Params:         0       0       0       0       0       0       0       0       0       0       0       0       
      +0       0       0       0       0
   759 ;;      Locals:        17       0       0       0       0       0       0       0       0       0       0       0       
      +0       0       0       0       0
   760 ;;      Temps:          0       0       0       0       0       0       0       0       0       0       0       0       
      +0       0       0       0       0
   761 ;;      Totals:        17       0       0       0       0       0       0       0       0       0       0       0       
      +0       0       0       0       0
   762 ;;Total ram usage:       17 bytes
   763 ;; Hardware stack levels required when called:    1
   764 ;; This function calls:
   765 ;;		Nothing
   766 ;; This function is called by:
   767 ;;		Startup code after reset
   768 ;; This function uses a non-reentrant model
   769 ;;
   770                           
   771                           	psect	text0
   772  0000E4                     __ptext0:
   773                           	opt stack 0
   774  0000E4                     _main:
   775                           	opt stack 30
   776                           
   777                           ;main.c: 30: unsigned char timeStart [7], timeEnd [7];
   778                           ;main.c: 31: unsigned char inputs [6] = {'0','0','0','0','0','0'};
   779                           
   780                           ;incstack = 0
   781  0000E4  EE20  F045         	lfsr	2,main@F3121
   782  0000E8  EE10  F01D         	lfsr	1,main@inputs
   783  0000EC  0E05               	movlw	5
   784  0000EE                     u561:
   785  0000EE  CFDB FFE3          	movff	plusw2,plusw1
   786  0000F2  06E8               	decf	wreg,f,c
   787  0000F4  E2FC               	bc	u561
   788                           
   789                           ;main.c: 32: unsigned short int numRemaining [4] = {0,0,0,0};
   790  0000F6  EE20  F036         	lfsr	2,main@F3123
   791  0000FA  EE10  F015         	lfsr	1,main@numRemaining
   792  0000FE  0E07               	movlw	7
   793  000100                     u571:
   794  000100  CFDB FFE3          	movff	plusw2,plusw1
   795  000104  06E8               	decf	wreg,f,c
   796  000106  E2FC               	bc	u571
   797                           
   798                           ;main.c: 33: unsigned short int operationTime;
   799                           ;main.c: 38: LATA = 0x00;
   800  000108  0E00               	movlw	0
   801  00010A  6E89               	movwf	3977,c	;volatile
   802                           
   803                           ;main.c: 39: LATB = 0x00;
   804  00010C  0E00               	movlw	0
   805  00010E  6E8A               	movwf	3978,c	;volatile
   806                           
   807                           ;main.c: 40: LATC = 0x00;
   808  000110  0E00               	movlw	0
   809  000112  6E8B               	movwf	3979,c	;volatile
   810                           
   811                           ;main.c: 41: LATD = 0x00;
   812  000114  0E00               	movlw	0
   813  000116  6E8C               	movwf	3980,c	;volatile
   814                           
   815                           ;main.c: 42: LATE = 0x00;
   816  000118  0E00               	movlw	0
   817  00011A  6E8D               	movwf	3981,c	;volatile
   818                           
   819                           ;main.c: 46: TRISA = 0x00;
   820  00011C  0E00               	movlw	0
   821  00011E  6E92               	movwf	3986,c	;volatile
   822                           
   823                           ;main.c: 47: TRISB = 0xFF;
   824  000120  6893               	setf	3987,c	;volatile
   825                           
   826                           ;main.c: 48: TRISC = 0xE0;
   827  000122  0EE0               	movlw	224
   828  000124  6E94               	movwf	3988,c	;volatile
   829                           
   830                           ;main.c: 49: TRISD = 0x00;
   831  000126  0E00               	movlw	0
   832  000128  6E95               	movwf	3989,c	;volatile
   833                           
   834                           ;main.c: 50: TRISE = 0x00;
   835  00012A  0E00               	movlw	0
   836  00012C  6E96               	movwf	3990,c	;volatile
   837                           
   838                           ;main.c: 53: ADCON0 = 0x00;
   839  00012E  0E00               	movlw	0
   840  000130  6EC2               	movwf	4034,c	;volatile
   841                           
   842                           ;main.c: 54: ADCON1 = 0b00001111;
   843  000132  0E0F               	movlw	15
   844  000134  6EC1               	movwf	4033,c	;volatile
   845                           
   846                           ;main.c: 70: boolean pressed = false;
   847  000136  0E00               	movlw	0
   848  000138  6E25               	movwf	main@pressed,c
   849                           
   850                           ;main.c: 71: int counter = 0;
   851  00013A  0E00               	movlw	0
   852  00013C  6E24               	movwf	main@counter+1,c
   853  00013E  0E00               	movlw	0
   854  000140  6E23               	movwf	main@counter,c
   855                           
   856                           ;main.c: 75: INTCON3bits.INT1IE = 1;
   857  000142  86F0               	bsf	intcon3,3,c	;volatile
   858                           
   859                           ;main.c: 76: (INTCONbits.GIE = 1);
   860  000144  8EF2               	bsf	intcon,7,c	;volatile
   861  000146  EF07  F000         	goto	start
   862  00014A                     __end_of_main:
   863                           	opt stack 0
   864                           tblptru	equ	0xFF8
   865                           tblptrh	equ	0xFF7
   866                           tblptrl	equ	0xFF6
   867                           tablat	equ	0xFF5
   868                           intcon	equ	0xFF2
   869                           intcon3	equ	0xFF0
   870                           postinc0	equ	0xFEE
   871                           wreg	equ	0xFE8
   872                           postdec1	equ	0xFE5
   873                           plusw1	equ	0xFE3
   874                           fsr1l	equ	0xFE1
   875                           plusw2	equ	0xFDB
   876                           
   877 ;; *************** function _interruptHandler *****************
   878 ;; Defined at:
   879 ;;		line 96 in file "main.c"
   880 ;; Parameters:    Size  Location     Type
   881 ;;		None
   882 ;; Auto vars:     Size  Location     Type
   883 ;;		None
   884 ;; Return value:  Size  Location     Type
   885 ;;                  1    wreg      void 
   886 ;; Registers used:
   887 ;;		wreg, status,2, status,0
   888 ;; Tracked objects:
   889 ;;		On entry : 0/0
   890 ;;		On exit  : 0/0
   891 ;;		Unchanged: 0/0
   892 ;; Data sizes:     COMRAM   BANK0   BANK1   BANK2   BANK3   BANK4   BANK5   BANK6   BANK7   BANK8   BANK9  BANK10  BANK1
      +1  BANK12  BANK13  BANK14  BANK15
   893 ;;      Params:         0       0       0       0       0       0       0       0       0       0       0       0       
      +0       0       0       0       0
   894 ;;      Locals:         0       0       0       0       0       0       0       0       0       0       0       0       
      +0       0       0       0       0
   895 ;;      Temps:         20       0       0       0       0       0       0       0       0       0       0       0       
      +0       0       0       0       0
   896 ;;      Totals:        20       0       0       0       0       0       0       0       0       0       0       0       
      +0       0       0       0       0
   897 ;;Total ram usage:       20 bytes
   898 ;; Hardware stack levels used:    1
   899 ;; This function calls:
   900 ;;		Nothing
   901 ;; This function is called by:
   902 ;;		Interrupt level 2
   903 ;; This function uses a non-reentrant model
   904 ;;
   905                           
   906                           	psect	intcode
   907  000008                     __pintcode:
   908                           	opt stack 0
   909  000008                     _interruptHandler:
   910                           	opt stack 30
   911                           
   912                           ;incstack = 0
   913  000008  824B               	bsf	btemp,1,c	;set compiler interrupt flag (level 2)
   914  00000A  ED09  F000         	call	int_func,f	;refresh shadow registers
   915                           tblptru	equ	0xFF8
   916                           tblptrh	equ	0xFF7
   917                           tblptrl	equ	0xFF6
   918                           tablat	equ	0xFF5
   919                           intcon	equ	0xFF2
   920                           intcon3	equ	0xFF0
   921                           postinc0	equ	0xFEE
   922                           wreg	equ	0xFE8
   923                           postdec1	equ	0xFE5
   924                           plusw1	equ	0xFE3
   925                           fsr1l	equ	0xFE1
   926                           plusw2	equ	0xFDB
   927                           
   928                           	psect	intcode_body
   929  000012                     __pintcode_body:
   930                           	opt stack 30
   931  000012                     int_func:
   932                           	opt stack 30
   933  000012  0006               	pop		; remove dummy address from shadow register refresh
   934  000014  CFFA F003          	movff	pclath,??_interruptHandler+2
   935  000018  CFFB F004          	movff	pclatu,??_interruptHandler+3
   936  00001C  CFE9 F005          	movff	fsr0l,??_interruptHandler+4
   937  000020  CFEA F006          	movff	fsr0h,??_interruptHandler+5
   938  000024  CFE1 F007          	movff	fsr1l,??_interruptHandler+6
   939  000028  CFE2 F008          	movff	fsr1h,??_interruptHandler+7
   940  00002C  CFD9 F009          	movff	fsr2l,??_interruptHandler+8
   941  000030  CFDA F00A          	movff	fsr2h,??_interruptHandler+9
   942  000034  CFF3 F00B          	movff	prodl,??_interruptHandler+10
   943  000038  CFF4 F00C          	movff	prodh,??_interruptHandler+11
   944  00003C  CFF6 F00D          	movff	tblptrl,??_interruptHandler+12
   945  000040  CFF7 F00E          	movff	tblptrh,??_interruptHandler+13
   946  000044  CFF8 F00F          	movff	tblptru,??_interruptHandler+14
   947  000048  CFF5 F010          	movff	tablat,??_interruptHandler+15
   948  00004C  C04B  F011         	movff	btemp,??_interruptHandler+16
   949  000050  C04C  F012         	movff	btemp+1,??_interruptHandler+17
   950  000054  C04D  F013         	movff	btemp+2,??_interruptHandler+18
   951  000058  C04E  F014         	movff	btemp+3,??_interruptHandler+19
   952                           
   953                           ;main.c: 98: if (INT1IE && INT1IF){
   954  00005C  B6F0               	btfsc	intcon3,3,c	;volatile
   955  00005E  A0F0               	btfss	intcon3,0,c	;volatile
   956  000060  D01B               	goto	i2l67
   957                           
   958                           ;main.c: 100: LATAbits.LA3 = ~LATAbits.LA3;
   959  000062  A689               	btfss	3977,3,c	;volatile
   960  000064  D002               	goto	i2u60_40
   961  000066  0E01               	movlw	1
   962  000068  D001               	goto	i2u60_46
   963  00006A                     i2u60_40:
   964  00006A  0E00               	movlw	0
   965  00006C                     i2u60_46:
   966  00006C  0AFF               	xorlw	255
   967  00006E  6E01               	movwf	??_interruptHandler& (0+255),c
   968  000070  4601               	rlncf	??_interruptHandler,f,c
   969  000072  4601               	rlncf	??_interruptHandler,f,c
   970  000074  4601               	rlncf	??_interruptHandler,f,c
   971  000076  5089               	movf	3977,w,c	;volatile
   972  000078  1801               	xorwf	??_interruptHandler,w,c
   973  00007A  0BF7               	andlw	-9
   974  00007C  1801               	xorwf	??_interruptHandler,w,c
   975  00007E  6E89               	movwf	3977,c	;volatile
   976                           
   977                           ;main.c: 101: _delay((unsigned long)((150)*(40000000/4000.0)));
   978  000080  0E08               	movlw	8
   979  000082  6E02               	movwf	(??_interruptHandler+1)& (0+255),c
   980  000084  0E9D               	movlw	157
   981  000086  6E01               	movwf	??_interruptHandler& (0+255),c
   982  000088  0E06               	movlw	6
   983  00008A                     i2u128_47:
   984  00008A  2EE8               	decfsz	wreg,f,c
   985  00008C  D7FE               	bra	i2u128_47
   986  00008E  2E01               	decfsz	??_interruptHandler& (0+255),f,c
   987  000090  D7FC               	bra	i2u128_47
   988  000092  2E02               	decfsz	(??_interruptHandler+1)& (0+255),f,c
   989  000094  D7FA               	bra	i2u128_47
   990                           
   991                           ;main.c: 139: INT1IF = 0;
   992  000096  90F0               	bcf	intcon3,0,c	;volatile
   993  000098                     i2l67:
   994  000098  C014  F04E         	movff	??_interruptHandler+19,btemp+3
   995  00009C  C013  F04D         	movff	??_interruptHandler+18,btemp+2
   996  0000A0  C012  F04C         	movff	??_interruptHandler+17,btemp+1
   997  0000A4  C011  F04B         	movff	??_interruptHandler+16,btemp
   998  0000A8  C010  FFF5         	movff	??_interruptHandler+15,tablat
   999  0000AC  C00F  FFF8         	movff	??_interruptHandler+14,tblptru
  1000  0000B0  C00E  FFF7         	movff	??_interruptHandler+13,tblptrh
  1001  0000B4  C00D  FFF6         	movff	??_interruptHandler+12,tblptrl
  1002  0000B8  C00C  FFF4         	movff	??_interruptHandler+11,prodh
  1003  0000BC  C00B  FFF3         	movff	??_interruptHandler+10,prodl
  1004  0000C0  C00A  FFDA         	movff	??_interruptHandler+9,fsr2h
  1005  0000C4  C009  FFD9         	movff	??_interruptHandler+8,fsr2l
  1006  0000C8  C008  FFE2         	movff	??_interruptHandler+7,fsr1h
  1007  0000CC  C007  FFE1         	movff	??_interruptHandler+6,fsr1l
  1008  0000D0  C006  FFEA         	movff	??_interruptHandler+5,fsr0h
  1009  0000D4  C005  FFE9         	movff	??_interruptHandler+4,fsr0l
  1010  0000D8  C004  FFFB         	movff	??_interruptHandler+3,pclatu
  1011  0000DC  C003  FFFA         	movff	??_interruptHandler+2,pclath
  1012  0000E0  924B               	bcf	btemp,1,c	;clear compiler interrupt flag (level 2)
  1013  0000E2  0011               	retfie		f
  1014  0000E4                     __end_of_interruptHandler:
  1015                           	opt stack 0
  1016                           pclatu	equ	0xFFB
  1017                           pclath	equ	0xFFA
  1018                           tblptru	equ	0xFF8
  1019                           tblptrh	equ	0xFF7
  1020                           tblptrl	equ	0xFF6
  1021                           tablat	equ	0xFF5
  1022                           prodh	equ	0xFF4
  1023                           prodl	equ	0xFF3
  1024                           intcon	equ	0xFF2
  1025                           intcon3	equ	0xFF0
  1026                           postinc0	equ	0xFEE
  1027                           fsr0h	equ	0xFEA
  1028                           fsr0l	equ	0xFE9
  1029                           wreg	equ	0xFE8
  1030                           postdec1	equ	0xFE5
  1031                           plusw1	equ	0xFE3
  1032                           fsr1h	equ	0xFE2
  1033                           fsr1l	equ	0xFE1
  1034                           plusw2	equ	0xFDB
  1035                           fsr2h	equ	0xFDA
  1036                           fsr2l	equ	0xFD9
  1037                           pclatu	equ	0xFFB
  1038                           pclath	equ	0xFFA
  1039                           tblptru	equ	0xFF8
  1040                           tblptrh	equ	0xFF7
  1041                           tblptrl	equ	0xFF6
  1042                           tablat	equ	0xFF5
  1043                           prodh	equ	0xFF4
  1044                           prodl	equ	0xFF3
  1045                           intcon	equ	0xFF2
  1046                           intcon3	equ	0xFF0
  1047                           postinc0	equ	0xFEE
  1048                           fsr0h	equ	0xFEA
  1049                           fsr0l	equ	0xFE9
  1050                           wreg	equ	0xFE8
  1051                           postdec1	equ	0xFE5
  1052                           plusw1	equ	0xFE3
  1053                           fsr1h	equ	0xFE2
  1054                           fsr1l	equ	0xFE1
  1055                           plusw2	equ	0xFDB
  1056                           fsr2h	equ	0xFDA
  1057                           fsr2l	equ	0xFD9
  1058                           
  1059                           	psect	rparam
  1060  0000                     pclatu	equ	0xFFB
  1061                           pclath	equ	0xFFA
  1062                           tblptru	equ	0xFF8
  1063                           tblptrh	equ	0xFF7
  1064                           tblptrl	equ	0xFF6
  1065                           tablat	equ	0xFF5
  1066                           prodh	equ	0xFF4
  1067                           prodl	equ	0xFF3
  1068                           intcon	equ	0xFF2
  1069                           intcon3	equ	0xFF0
  1070                           postinc0	equ	0xFEE
  1071                           fsr0h	equ	0xFEA
  1072                           fsr0l	equ	0xFE9
  1073                           wreg	equ	0xFE8
  1074                           postdec1	equ	0xFE5
  1075                           plusw1	equ	0xFE3
  1076                           fsr1h	equ	0xFE2
  1077                           fsr1l	equ	0xFE1
  1078                           plusw2	equ	0xFDB
  1079                           fsr2h	equ	0xFDA
  1080                           fsr2l	equ	0xFD9
  1081                           
  1082                           	psect	temp
  1083  00004B                     btemp:
  1084                           	opt stack 0
  1085  00004B                     	ds	1
  1086  0000                     int$flags	set	btemp
  1087  0000                     wtemp6	set	btemp+1
  1088                           pclatu	equ	0xFFB
  1089                           pclath	equ	0xFFA
  1090                           tblptru	equ	0xFF8
  1091                           tblptrh	equ	0xFF7
  1092                           tblptrl	equ	0xFF6
  1093                           tablat	equ	0xFF5
  1094                           prodh	equ	0xFF4
  1095                           prodl	equ	0xFF3
  1096                           intcon	equ	0xFF2
  1097                           intcon3	equ	0xFF0
  1098                           postinc0	equ	0xFEE
  1099                           fsr0h	equ	0xFEA
  1100                           fsr0l	equ	0xFE9
  1101                           wreg	equ	0xFE8
  1102                           postdec1	equ	0xFE5
  1103                           plusw1	equ	0xFE3
  1104                           fsr1h	equ	0xFE2
  1105                           fsr1l	equ	0xFE1
  1106                           plusw2	equ	0xFDB
  1107                           fsr2h	equ	0xFDA
  1108                           fsr2l	equ	0xFD9


Data Sizes:
    Strings     262
    Constant    61
    Data        112
    BSS         25
    Persistent  0
    Stack       0

Auto Spaces:
    Space          Size  Autos    Used
    COMRAM          126     37      74
    BANK0           128      0     100
    BANK1           256      0       0
    BANK2           256      0       0
    BANK3           256      0       0
    BANK4           256      0       0
    BANK5           256      0       0
    BANK6           256      0       0
    BANK7           256      0       0
    BANK8           256      0       0
    BANK9           256      0       0
    BANK10          256      0       0
    BANK11          256      0       0
    BANK12          256      0       0
    BANK13          256      0       0
    BANK14          256      0       0
    BANK15          128      0       0

Pointer List with Targets:

    None.

Critical Paths under _main in COMRAM

    None.

Critical Paths under _interruptHandler in COMRAM

    None.

Critical Paths under _main in BANK0

    None.

Critical Paths under _interruptHandler in BANK0

    None.

Critical Paths under _main in BANK1

    None.

Critical Paths under _interruptHandler in BANK1

    None.

Critical Paths under _main in BANK2

    None.

Critical Paths under _interruptHandler in BANK2

    None.

Critical Paths under _main in BANK3

    None.

Critical Paths under _interruptHandler in BANK3

    None.

Critical Paths under _main in BANK4

    None.

Critical Paths under _interruptHandler in BANK4

    None.

Critical Paths under _main in BANK5

    None.

Critical Paths under _interruptHandler in BANK5

    None.

Critical Paths under _main in BANK6

    None.

Critical Paths under _interruptHandler in BANK6

    None.

Critical Paths under _main in BANK7

    None.

Critical Paths under _interruptHandler in BANK7

    None.

Critical Paths under _main in BANK8

    None.

Critical Paths under _interruptHandler in BANK8

    None.

Critical Paths under _main in BANK9

    None.

Critical Paths under _interruptHandler in BANK9

    None.

Critical Paths under _main in BANK10

    None.

Critical Paths under _interruptHandler in BANK10

    None.

Critical Paths under _main in BANK11

    None.

Critical Paths under _interruptHandler in BANK11

    None.

Critical Paths under _main in BANK12

    None.

Critical Paths under _interruptHandler in BANK12

    None.

Critical Paths under _main in BANK13

    None.

Critical Paths under _interruptHandler in BANK13

    None.

Critical Paths under _main in BANK14

    None.

Critical Paths under _interruptHandler in BANK14

    None.

Critical Paths under _main in BANK15

    None.

Critical Paths under _interruptHandler in BANK15

    None.

Call Graph Tables:

 ---------------------------------------------------------------------------------
 (Depth) Function   	        Calls       Base Space   Used Autos Params    Refs
 ---------------------------------------------------------------------------------
 (0) _main                                                33    33      0       0
                                             20 COMRAM    17    17      0
 ---------------------------------------------------------------------------------
 Estimated maximum stack depth 0
 ---------------------------------------------------------------------------------
 (Depth) Function   	        Calls       Base Space   Used Autos Params    Refs
 ---------------------------------------------------------------------------------
 (1) _interruptHandler                                    20    20      0       0
                                              0 COMRAM    20    20      0
 ---------------------------------------------------------------------------------
 Estimated maximum stack depth 1
 ---------------------------------------------------------------------------------

 Call Graph Graphs:

 _main (ROOT)

 _interruptHandler (ROOT)

 Address spaces:
Name               Size   Autos  Total    Cost      Usage
BIGRAM             F7F      0       0      37        0.0%
EEDATA             400      0       0       0        0.0%
BITBANK14          100      0       0      32        0.0%
BANK14             100      0       0      33        0.0%
BITBANK13          100      0       0      30        0.0%
BANK13             100      0       0      31        0.0%
BITBANK12          100      0       0      28        0.0%
BANK12             100      0       0      29        0.0%
BITBANK11          100      0       0      26        0.0%
BANK11             100      0       0      27        0.0%
BITBANK10          100      0       0      24        0.0%
BANK10             100      0       0      25        0.0%
BITBANK9           100      0       0      22        0.0%
BANK9              100      0       0      23        0.0%
BITBANK8           100      0       0      20        0.0%
BANK8              100      0       0      21        0.0%
BITBANK7           100      0       0      18        0.0%
BANK7              100      0       0      19        0.0%
BITBANK6           100      0       0      16        0.0%
BANK6              100      0       0      17        0.0%
BITBANK5           100      0       0      14        0.0%
BANK5              100      0       0      15        0.0%
BITBANK4           100      0       0      12        0.0%
BANK4              100      0       0      13        0.0%
BITBANK3           100      0       0      10        0.0%
BANK3              100      0       0      11        0.0%
BITBANK2           100      0       0       8        0.0%
BANK2              100      0       0       9        0.0%
BITBANK1           100      0       0       6        0.0%
BANK1              100      0       0       7        0.0%
BITBANK15           80      0       0      35        0.0%
BANK15              80      0       0      36        0.0%
BITBANK0            80      0       0       4        0.0%
BANK0               80      0      64       5       78.1%
BITCOMRAM           7E      0       0       0        0.0%
COMRAM              7E     25      4A       1       58.7%
BITSFR               0      0       0     200        0.0%
SFR                  0      0       0     200        0.0%
STACK                0      0       0       2        0.0%
NULL                 0      0       0       0        0.0%
ABS                  0      0      AE      34        0.0%
DATA                 0      0      AE       3        0.0%
CODE                 0      0       0       0        0.0%


Microchip Technology PIC18 Macro Assembler V1.45 build -152302408 
Symbol Table                                                                                   Fri Feb 16 17:14:00 2018

              __CFG_BORV$3 000000               __CFG_CP0$OFF 000000               __CFG_CP1$OFF 000000  
             __CFG_CP2$OFF 000000               __CFG_CP3$OFF 000000               __CFG_CPB$OFF 000000  
             __CFG_CPD$OFF 000000                        u561 00EE                        u571 0100  
                      wreg 000FE8               __CFG_LVP$OFF 000000               __CFG_WDT$OFF 000000  
  __end_ofcheckValid@F3160 FEE6                       STR_1 FEF8                       STR_2 FF75  
                     STR_4 FF24                       STR_5 FF93                       STR_6 FFE5  
                     STR_7 FFDA                       STR_8 FF45                       STR_9 FFC0  
                     _LATA 000F89                       _LATB 000F8A                       _LATC 000F8B  
                     _LATD 000F8C                       _LATE 000F8D                main@counter 0023  
                     i2l67 0098                       _main 00E4   __end_of_interruptHandler 00E4  
                     _keys FEBB                       fsr0h 000FEA                       fsr1h 000FE2  
                     fsr2h 000FDA                       fsr0l 000FE9                       fsr1l 000FE1  
                     fsr2l 000FD9                       btemp 004B                main@pressed 0025  
                     prodh 000FF4                       prodl 000FF3                       start 000E  
            __CFG_IESO$OFF 000000              __CFG_MCLRE$ON 000000               ___param_bank 000000  
         __end_of_LCD_LEFT FEF3                      ?_main 0001                      STR_10 FF65  
                    STR_11 FFCD                      STR_12 FFF0                      STR_13 FFF9  
                    STR_14 FF35                      STR_15 FF84                      STR_16 FFA2  
                    STR_17 FFB1                      STR_18 FF55                      STR_19 FF13  
                    _PORTB 000F81                      _TRISA 000F92                      _TRISB 000F93  
                    _TRISC 000F94                      _TRISD 000F95                      _TRISE 000F96  
            __CFG_PWRT$OFF 000000              __CFG_WRT0$OFF 000000              __CFG_WRT1$OFF 000000  
            __CFG_WRT2$OFF 000000              __CFG_WRT3$OFF 000000             __CFG_EBTR0$OFF 000000  
           __CFG_FCMEN$OFF 000000             __CFG_EBTR1$OFF 000000             __CFG_EBTR2$OFF 000000  
           __CFG_EBTR3$OFF 000000              __CFG_WRTB$OFF 000000              __CFG_WRTC$OFF 000000  
            __CFG_WRTD$OFF 000000             __CFG_EBTRB$OFF 000000            __end_of_dpowers FED6  
          __end_of_setKeys FEF2                      pclath 000FFA                      tablat 000FF5  
        _LCDinterruptState 003E                      plusw1 000FE3                      plusw2 000FDB  
                    wtemp6 004C            __initialization 01AE               __end_of_main 014A  
             __end_of_keys FECC             __CFG_OSC$HSPLL 000000          __end_of_LCD_RIGHT FEF4  
                   ??_main 0015              __activetblptr 000002                     _ADCON0 000FC2  
                   _ADCON1 000FC1                     _INT1IE 007F83                     _INT1IF 007F80  
                   _SSPADD 000FC8                     _SSPBUF 000FC9             __CFG_XINST$OFF 000000  
           __CFG_STVREN$ON 000000                     clear_0 01F4               __pdataCOMRAM 003F  
             __mediumconst FEBA                     tblptrh 000FF7                     tblptrl 000FF6  
                   tblptru 000FF8                 __accesstop 0080    __end_of__initialization 01FA  
          __CFG_PBADEN$OFF 000000              ___rparam_used 000001             __pcstackCOMRAM 0001  
             __pidataBANK0 014A          ?_interruptHandler 0001       __end_of_firstTimeSet FEED  
       ??_interruptHandler 0001                    i2u60_40 006A                    i2u60_46 006C  
                  _SSPCON1 000FC6                    _SSPCON2 000FC5                    _SSPSTAT 000FC7  
                  __Hparam 0000                    __Lparam 0000                    __pcinit 01AE  
                  __ramtop 1000                    __ptext0 00E4          __end_of_hexpowers FEDE  
                  _dpowers FECC                    _setKeys FEED                  _LCD_RIGHT FEF3  
           __pintcode_body 0012       end_of_initialization 01FA      __end_of_LCD_SIZE_HORZ FEF6  
    __end_of_LCD_SIZE_VERT FEF5              __Lmediumconst FEBA                    int_func 0012  
                  postdec1 000FE5                    postinc0 000FEE                  _PORTBbits 000F81  
                _TRISCbits 000F94                 main@inputs 001D              __pidataCOMRAM 0208  
             _firstTimeSet FEE6        start_initialization 01AE                __pdataBANK0 0080  
         __CFG_LPT1OSC$OFF 000000  __size_of_interruptHandler 00DC                __pbssCOMRAM 0026  
        __CFG_CCP2MX$PORTC 000000                  __pintcode 0008              __pmediumconst FEBA  
                _hexpowers FED6           main@numRemaining 0015                   _LCD_LEFT FEF2  
                 _LATAbits 000F89                   _LATDbits 000F8C                   i2u128_47 008A  
         __CFG_WDTPS$32768 000000                  main@F3121 0045                  main@F3123 0036  
           _LCD_HORZ_LIMIT FEF7                _INTCON3bits 000FF0                  copy_data0 01C2  
                copy_data1 01E2                   __Hrparam 0000                   __Lrparam 0000  
       __CFG_BOREN$SBORDIS 000000           _interruptHandler 0008     __end_of_LCD_HORZ_LIMIT FEF8  
           _LCD_VERT_LIMIT FEF6              __size_of_main 0066                   int$flags 004B  
               _INTCONbits 000FF2     __end_of_LCD_VERT_LIMIT FEF7              showLogs@F3187 003F  
            showLogs@F3189 0026                   intlevel2 0000              _LCD_SIZE_HORZ FEF5  
            _LCD_SIZE_VERT FEF4            checkValid@F3160 FEDE            checkValid@F3153 0080  
          checkValid@F3158 002E                _SSPCON1bits 000FC6                _SSPCON2bits 000FC5  
